Debug|Reading config...
Debug|Reading referenced images from 'E:\MiBand Flash\Watchfaces\SF-Watchface-B'
Trace|Loading resources for 2 'Background'
Trace|Loading resources for 2.1 'ImageBasic'
Trace|Loading image 0...
Trace|Image was loaded from file E:\MiBand Flash\Watchfaces\SF-Watchface-B\0000.png
Trace|Loading resources for 2.3 'ImageBasic'
Trace|Loading image 1...
Trace|Image was loaded from file E:\MiBand Flash\Watchfaces\SF-Watchface-B\0001.png
Trace|Loading resources for 2.4 'ImageBasic'
Trace|Loading resources for 2.5 'ImageBasic'
Trace|Loading resources for 3 'Time'
Trace|Loading resources for 3.1 'TwoDigits'
Trace|Loading resources for 3.1.1 'ImageSet'
Trace|Loading image 2...
Trace|Image was loaded from file E:\MiBand Flash\Watchfaces\SF-Watchface-B\0002.png
Trace|Loading image 3...
Trace|Image was loaded from file E:\MiBand Flash\Watchfaces\SF-Watchface-B\0003.png
Trace|Loading image 4...
Trace|Image was loaded from file E:\MiBand Flash\Watchfaces\SF-Watchface-B\0004.png
Trace|Loading image 5...
Trace|Image was loaded from file E:\MiBand Flash\Watchfaces\SF-Watchface-B\0005.png
Trace|Loading image 6...
Trace|Image was loaded from file E:\MiBand Flash\Watchfaces\SF-Watchface-B\0006.png
Trace|Loading image 7...
Trace|Image was loaded from file E:\MiBand Flash\Watchfaces\SF-Watchface-B\0007.png
Trace|Loading image 8...
Trace|Image was loaded from file E:\MiBand Flash\Watchfaces\SF-Watchface-B\0008.png
Trace|Loading image 9...
Trace|Image was loaded from file E:\MiBand Flash\Watchfaces\SF-Watchface-B\0009.png
Trace|Loading image 10...
Trace|Image was loaded from file E:\MiBand Flash\Watchfaces\SF-Watchface-B\0010.png
Trace|Loading image 11...
Trace|Image was loaded from file E:\MiBand Flash\Watchfaces\SF-Watchface-B\0011.png
Trace|Loading resources for 3.1.2 'ImageSet'
Trace|Loading resources for 3.2 'TwoDigits'
Trace|Loading resources for 3.2.1 'ImageSet'
Trace|Loading resources for 3.2.2 'ImageSet'
Trace|Loading resources for 3.5 'ImageBasic'
Trace|Loading image 12...
Trace|Image was loaded from file E:\MiBand Flash\Watchfaces\SF-Watchface-B\0012.png
Trace|Loading resources for 5 'Date'
Trace|Loading resources for 5.1 'MonthAndDayAndYear'
Trace|Loading resources for 5.1.2 'OneLineMonthAndDay'
Trace|Loading resources for 5.1.2.1 'Number'
Trace|Loading resources for 5.1.2.1.5 'TextAlignment'
Trace|Loading image 13...
Trace|Image was loaded from file E:\MiBand Flash\Watchfaces\SF-Watchface-B\0013.png
Trace|Loading image 14...
Trace|Image was loaded from file E:\MiBand Flash\Watchfaces\SF-Watchface-B\0014.png
Trace|Loading image 15...
Trace|Image was loaded from file E:\MiBand Flash\Watchfaces\SF-Watchface-B\0015.png
Trace|Loading image 16...
Trace|Image was loaded from file E:\MiBand Flash\Watchfaces\SF-Watchface-B\0016.png
Trace|Loading image 17...
Trace|Image was loaded from file E:\MiBand Flash\Watchfaces\SF-Watchface-B\0017.png
Trace|Loading image 18...
Trace|Image was loaded from file E:\MiBand Flash\Watchfaces\SF-Watchface-B\0018.png
Trace|Loading image 19...
Trace|Image was loaded from file E:\MiBand Flash\Watchfaces\SF-Watchface-B\0019.png
Trace|Loading image 20...
Trace|Image was loaded from file E:\MiBand Flash\Watchfaces\SF-Watchface-B\0020.png
Trace|Loading image 21...
Trace|Image was loaded from file E:\MiBand Flash\Watchfaces\SF-Watchface-B\0021.png
Trace|Loading image 22...
Trace|Image was loaded from file E:\MiBand Flash\Watchfaces\SF-Watchface-B\0022.png
Trace|Loading image 23...
Trace|Image was loaded from file E:\MiBand Flash\Watchfaces\SF-Watchface-B\0023.png
Trace|Loading resources for 5.1.4 'Boolean'
Trace|Loading resources for 5.1.5 'Boolean'
Trace|Loading resources for 5.7 'XY'
Trace|Loading resources for 9 'Battery'
Trace|Loading resources for 9.1 'BatteryTextWrapper'
Trace|Loading resources for 9.1.1 'Number'
Trace|Loading resources for 9.1.1.5 'TextAlignment'
Trace|Loading image 24...
Trace|Image was loaded from file E:\MiBand Flash\Watchfaces\SF-Watchface-B\0024.png
Trace|Loading image 25...
Trace|Image was loaded from file E:\MiBand Flash\Watchfaces\SF-Watchface-B\0025.png
Trace|Loading image 26...
Trace|Image was loaded from file E:\MiBand Flash\Watchfaces\SF-Watchface-B\0026.png
Trace|Loading image 27...
Trace|Image was loaded from file E:\MiBand Flash\Watchfaces\SF-Watchface-B\0027.png
Trace|Loading image 28...
Trace|Image was loaded from file E:\MiBand Flash\Watchfaces\SF-Watchface-B\0028.png
Trace|Loading image 29...
Trace|Image was loaded from file E:\MiBand Flash\Watchfaces\SF-Watchface-B\0029.png
Trace|Loading image 30...
Trace|Image was loaded from file E:\MiBand Flash\Watchfaces\SF-Watchface-B\0030.png
Trace|Loading image 31...
Trace|Image was loaded from file E:\MiBand Flash\Watchfaces\SF-Watchface-B\0031.png
Trace|Loading image 32...
Trace|Image was loaded from file E:\MiBand Flash\Watchfaces\SF-Watchface-B\0032.png
Trace|Loading image 33...
Trace|Image was loaded from file E:\MiBand Flash\Watchfaces\SF-Watchface-B\0033.png
Trace|Loading image 34...
Trace|Image was loaded from file E:\MiBand Flash\Watchfaces\SF-Watchface-B\0034.png
Trace|Loading resources for 9.2 'ImageSet'
Trace|Loading image 35...
Trace|Image was loaded from file E:\MiBand Flash\Watchfaces\SF-Watchface-B\0035.png
Trace|Loading image 36...
Trace|Image was loaded from file E:\MiBand Flash\Watchfaces\SF-Watchface-B\0036.png
Trace|Loading image 37...
Trace|Image was loaded from file E:\MiBand Flash\Watchfaces\SF-Watchface-B\0037.png
Trace|Loading image 38...
Trace|Image was loaded from file E:\MiBand Flash\Watchfaces\SF-Watchface-B\0038.png
Trace|Loading image 39...
Trace|Image was loaded from file E:\MiBand Flash\Watchfaces\SF-Watchface-B\0039.png
Trace|Loading image 40...
Trace|Image was loaded from file E:\MiBand Flash\Watchfaces\SF-Watchface-B\0040.png
Trace|Loading image 41...
Trace|Image was loaded from file E:\MiBand Flash\Watchfaces\SF-Watchface-B\0041.png
Trace|Loading image 42...
Trace|Image was loaded from file E:\MiBand Flash\Watchfaces\SF-Watchface-B\0042.png
Trace|Loading image 43...
Trace|Image was loaded from file E:\MiBand Flash\Watchfaces\SF-Watchface-B\0043.png
Trace|Loading image 44...
Trace|Image was loaded from file E:\MiBand Flash\Watchfaces\SF-Watchface-B\0044.png
Trace|Loading resources for 11 'Other'
Trace|Loading resources for 11.1 'Animation'
Trace|Loading resources for 11.1.1 'ImageSet'
Trace|Loading image 48...
Trace|Image was loaded from file E:\MiBand Flash\Watchfaces\SF-Watchface-B\0048.png
Trace|Loading image 49...
Trace|Image was loaded from file E:\MiBand Flash\Watchfaces\SF-Watchface-B\0049.png
Trace|Loading image 50...
Trace|Image was loaded from file E:\MiBand Flash\Watchfaces\SF-Watchface-B\0050.png
Trace|Loading image 51...
Trace|Image was loaded from file E:\MiBand Flash\Watchfaces\SF-Watchface-B\0051.png
Trace|Loading image 52...
Trace|Image was loaded from file E:\MiBand Flash\Watchfaces\SF-Watchface-B\0052.png
Trace|Loading resources for 20 'StatusSimple'
Trace|Loading resources for 20.1 'StatusSimpleSpecial'
Trace|Loading resources for 20.1.1 'StatusNumber'
Trace|Loading resources for 20.1.1.3 'TextAlignment'
Trace|Loading image 45...
Trace|Image was loaded from file E:\MiBand Flash\Watchfaces\SF-Watchface-B\0045.png
Trace|Loading resources for 20.2 'StatusSimpleSpecial'
Trace|Loading resources for 20.2.1 'StatusNumber'
Trace|Loading resources for 20.2.1.3 'TextAlignment'
Trace|Loading image 46...
Trace|Image was loaded from file E:\MiBand Flash\Watchfaces\SF-Watchface-B\0046.png
Trace|Loading resources for 20.3 'StatusSimpleSpecial'
Trace|Loading resources for 20.3.1 'StatusNumber'
Trace|Loading resources for 20.3.1.3 'TextAlignment'
Trace|Loading image 47...
Trace|Image was loaded from file E:\MiBand Flash\Watchfaces\SF-Watchface-B\0047.png
Trace|Verifiying Resources...
Trace|Building parameters for watch face...
Trace|2.1.1 'X': 0
Trace|2.1.2 'Y': 0
Trace|2.1.3 'ImageIndex': 0
Trace|2.1 'Image'
Trace|2.3.1 'X': 18
Trace|2.3.2 'Y': 17
Trace|2.3.3 'ImageIndex': 1
Trace|2.3 'Preview1'
Trace|2.4.1 'X': 18
Trace|2.4.2 'Y': 17
Trace|2.4.3 'ImageIndex': 1
Trace|2.4 'Preview2'
Trace|2.5.1 'X': 18
Trace|2.5.2 'Y': 17
Trace|2.5.3 'ImageIndex': 1
Trace|2.5 'Preview3'
Trace|2 'Background'
Trace|3.1.1.1 'X': 11
Trace|3.1.1.2 'Y': 35
Trace|3.1.1.3 'ImageIndex': 2
Trace|3.1.1.4 'ImagesCount': 10
Trace|3.1.1 'Tens'
Trace|3.1.2.1 'X': 35
Trace|3.1.2.2 'Y': 35
Trace|3.1.2.3 'ImageIndex': 2
Trace|3.1.2.4 'ImagesCount': 10
Trace|3.1.2 'Ones'
Trace|3.1 'Hours'
Trace|3.2.1.1 'X': 72
Trace|3.2.1.2 'Y': 35
Trace|3.2.1.3 'ImageIndex': 2
Trace|3.2.1.4 'ImagesCount': 10
Trace|3.2.1 'Tens'
Trace|3.2.2.1 'X': 98
Trace|3.2.2.2 'Y': 35
Trace|3.2.2.3 'ImageIndex': 2
Trace|3.2.2.4 'ImagesCount': 10
Trace|3.2.2 'Ones'
Trace|3.2 'Minutes'
Trace|3.5.1 'X': 61
Trace|3.5.2 'Y': 35
Trace|3.5.3 'ImageIndex': 12
Trace|3.5 'DelimiterImage'
Trace|3.11 'UnknownV11': 0
Trace|3 'Time'
Trace|5.1.2.1.1 'TopLeftX': 45
Trace|5.1.2.1.2 'TopLeftY': 80
Trace|5.1.2.1.3 'BottomRightX': 47
Trace|5.1.2.1.4 'BottomRightY': 39
Trace|5.1.2.1.5 'Alignment': 18
Trace|5.1.2.1.6 'SpacingX': 1
Trace|5.1.2.1.7 'SpacingY': 0
Trace|5.1.2.1.8 'ImageIndex': 13
Trace|5.1.2.1.9 'ImagesCount': 10
Trace|5.1.2.1 'Number'
Trace|5.1.2.2 'DelimiterImageIndex': 23
Trace|5.1.2 'OneLine'
Trace|5.1.4 'TwoDigitsMonth': 1
Trace|5.1.5 'TwoDigitsDay': 1
Trace|5.1 'MonthAndDayAndYear'
Trace|5.7.1 'X': 91
Trace|5.7.2 'Y': 23
Trace|5.7 'Unknown7'
Trace|5 'Date'
Trace|9.1.1.1 'TopLeftX': 73
Trace|9.1.1.2 'TopLeftY': 4
Trace|9.1.1.3 'BottomRightX': 107
Trace|9.1.1.4 'BottomRightY': 16
Trace|9.1.1.5 'Alignment': 20
Trace|9.1.1.6 'SpacingX': 1
Trace|9.1.1.7 'SpacingY': 0
Trace|9.1.1.8 'ImageIndex': 24
Trace|9.1.1.9 'ImagesCount': 10
Trace|9.1.1 'Coordinates'
Trace|9.1.4 'SuffixImageIndex': 34
Trace|9.1 'BatteryText'
Trace|9.2.1 'X': 110
Trace|9.2.2 'Y': 4
Trace|9.2.3 'ImageIndex': 35
Trace|9.2.4 'ImagesCount': 10
Trace|9.2 'BatteryIcon'
Trace|9 'Battery'
Trace|11.1 'Animation'
Trace|11.1.1.1 'X': 0
Trace|11.1.1.2 'Y': 100
Trace|11.1.1.3 'ImageIndex': 48
Trace|11.1.1.4 'ImagesCount': 5
Trace|11.1.1 'AnimationImages'
Trace|11.1.2 'Speed': 100
Trace|11.1.3 'RepeatCount': 255
Trace|11.1.4 'UnknownTF4': 0
Trace|11 'Other'
Trace|20.1.1.1 'X': 4
Trace|20.1.1.2 'Y': 4
Trace|20.1.1.3 'Alignment': 18
Trace|20.1.1.4 'Unknown4': 2
Trace|20.1.1.5 'Unknown5': 6
Trace|20.1.1 'StatusImage'
Trace|20.1.2 'ImageIndexOn': 45
Trace|20.1 'DoNotDisturb'
Trace|20.2.1.1 'X': 41
Trace|20.2.1.2 'Y': 4
Trace|20.2.1.3 'Alignment': 18
Trace|20.2.1.4 'Unknown4': 2
Trace|20.2.1.5 'Unknown5': 6
Trace|20.2.1 'StatusImage'
Trace|20.2.3 'ImageIndexOff': 46
Trace|20.2 'Lock'
Trace|20.3.1.1 'X': 22
Trace|20.3.1.2 'Y': 4
Trace|20.3.1.3 'Alignment': 18
Trace|20.3.1.4 'Unknown4': 2
Trace|20.3.1.5 'Unknown5': 6
Trace|20.3.1 'StatusImage'
Trace|20.3.3 'ImageIndexOff': 47
Trace|20.3 'Bluetooth'
Trace|20 'StatusSimplified'
Debug|Generating previews...
Debug|Writing watch face to 'E:\MiBand Flash\Watchfaces\SF-Watchface-B\SF-Watchface-Config_packed.bin'
Trace|Encoding parameters...
Trace|Parameter: 2
Trace|1 (0A):
Trace|    1 (08): 0 (00)
Trace|    2 (10): 0 (00)
Trace|    3 (18): 0 (00)
Trace|8 bytes
Trace|3 (1A):
Trace|    1 (08): 18 (12)
Trace|    2 (10): 17 (11)
Trace|    3 (18): 1 (01)
Trace|8 bytes
Trace|4 (22):
Trace|    1 (08): 18 (12)
Trace|    2 (10): 17 (11)
Trace|    3 (18): 1 (01)
Trace|8 bytes
Trace|5 (2A):
Trace|    1 (08): 18 (12)
Trace|    2 (10): 17 (11)
Trace|    3 (18): 1 (01)
Trace|8 bytes
Trace|Parameter: 3
Trace|1 (0A):
Trace|    1 (0A):
Trace|        1 (08): 11 (0B)
Trace|        2 (10): 35 (23)
Trace|        3 (18): 2 (02)
Trace|        4 (20): 10 (0A)
Trace|    10 bytes
Trace|    2 (12):
Trace|        1 (08): 35 (23)
Trace|        2 (10): 35 (23)
Trace|        3 (18): 2 (02)
Trace|        4 (20): 10 (0A)
Trace|    10 bytes
Trace|22 bytes
Trace|2 (12):
Trace|    1 (0A):
Trace|        1 (08): 72 (48)
Trace|        2 (10): 35 (23)
Trace|        3 (18): 2 (02)
Trace|        4 (20): 10 (0A)
Trace|    10 bytes
Trace|    2 (12):
Trace|        1 (08): 98 (62)
Trace|        2 (10): 35 (23)
Trace|        3 (18): 2 (02)
Trace|        4 (20): 10 (0A)
Trace|    10 bytes
Trace|22 bytes
Trace|5 (2A):
Trace|    1 (08): 61 (3D)
Trace|    2 (10): 35 (23)
Trace|    3 (18): 12 (0C)
Trace|8 bytes
Trace|11 (58): 0 (00)
Trace|Parameter: 5
Trace|1 (0A):
Trace|    2 (12):
Trace|        1 (0A):
Trace|            1 (08): 45 (2D)
Trace|            2 (10): 80 (50)
Trace|            3 (18): 47 (2F)
Trace|            4 (20): 39 (27)
Trace|            5 (28): 18 (12)
Trace|            6 (30): 1 (01)
Trace|            7 (38): 0 (00)
Trace|            8 (40): 13 (0D)
Trace|            9 (48): 10 (0A)
Trace|        20 bytes
Trace|        2 (10): 23 (17)
Trace|    24 bytes
Trace|    4 (20): 1 (01)
Trace|    5 (28): 1 (01)
Trace|30 bytes
Trace|7 (3A):
Trace|    1 (08): 91 (5B)
Trace|    2 (10): 23 (17)
Trace|6 bytes
Trace|Parameter: 9
Trace|1 (0A):
Trace|    1 (0A):
Trace|        1 (08): 73 (49)
Trace|        2 (10): 4 (04)
Trace|        3 (18): 107 (6B)
Trace|        4 (20): 16 (10)
Trace|        5 (28): 20 (14)
Trace|        6 (30): 1 (01)
Trace|        7 (38): 0 (00)
Trace|        8 (40): 24 (18)
Trace|        9 (48): 10 (0A)
Trace|    20 bytes
Trace|    4 (20): 34 (22)
Trace|24 bytes
Trace|2 (12):
Trace|    1 (08): 110 (6E)
Trace|    2 (10): 4 (04)
Trace|    3 (18): 35 (23)
Trace|    4 (20): 10 (0A)
Trace|10 bytes
Trace|Parameter: 11
Trace|1 (0A):
Trace|    1 (0A):
Trace|        1 (08): 0 (00)
Trace|        2 (10): 100 (64)
Trace|        3 (18): 48 (30)
Trace|        4 (20): 5 (05)
Trace|    10 bytes
Trace|    2 (10): 100 (64)
Trace|    3 (18): 255 (FF)
Trace|    4 (20): 0 (00)
Trace|19 bytes
Trace|Parameter: 20
Trace|1 (0A):
Trace|    1 (0A):
Trace|        1 (08): 4 (04)
Trace|        2 (10): 4 (04)
Trace|        3 (18): 18 (12)
Trace|        4 (20): 2 (02)
Trace|        5 (28): 6 (06)
Trace|    12 bytes
Trace|    2 (10): 45 (2D)
Trace|16 bytes
Trace|2 (12):
Trace|    1 (0A):
Trace|        1 (08): 41 (29)
Trace|        2 (10): 4 (04)
Trace|        3 (18): 18 (12)
Trace|        4 (20): 2 (02)
Trace|        5 (28): 6 (06)
Trace|    12 bytes
Trace|    3 (18): 46 (2E)
Trace|16 bytes
Trace|3 (1A):
Trace|    1 (0A):
Trace|        1 (08): 22 (16)
Trace|        2 (10): 4 (04)
Trace|        3 (18): 18 (12)
Trace|        4 (20): 2 (02)
Trace|        5 (28): 6 (06)
Trace|    12 bytes
Trace|    3 (18): 47 (2F)
Trace|16 bytes
Trace|Encoding offsets and lengths...
Trace|1 (0A):
Trace|    1 (08): 223 (DF)
Trace|    2 (10): 53 (35)
Trace|7 bytes
Trace|2 (12):
Trace|    1 (08): 0 (00)
Trace|    2 (10): 32 (20)
Trace|6 bytes
Trace|3 (1A):
Trace|    1 (08): 32 (20)
Trace|    2 (10): 54 (36)
Trace|6 bytes
Trace|5 (2A):
Trace|    1 (08): 86 (56)
Trace|    2 (10): 36 (24)
Trace|6 bytes
Trace|9 (4A):
Trace|    1 (08): 122 (7A)
Trace|    2 (10): 34 (22)
Trace|6 bytes
Trace|11 (5A):
Trace|    1 (08): 156 (9C)
Trace|    2 (10): 19 (13)
Trace|7 bytes
Info|[WARNING] Decompiling proccess, PUSHED important bit. id:20
Trace|20 (A2):
Trace|    1 (08): 175 (AF)
Trace|    2 (10): 48 (30)
Trace|8 bytes
Trace|Writing header...
Trace|Writing parameters offsets and lengths...
Trace|Writing parameters...
Trace|Writing images...
Trace|Resource 0 offset is 0...
Debug|Encoding resource 0...
Trace|Writing image in Raw mode
Trace|No Transparency image...
Trace|Writing image header...
Trace|Width: 126, Height: 294, RowLength: 252
Trace|BPP: 16, PaletteColors: 0, Transaparency: 0
Trace|Writing image...
Trace|Resource 1 offset is 74104...
Debug|Encoding resource 1...
Trace|Writing image in Raw mode
Trace|No Transparency image...
Trace|Writing image header...
Trace|Width: 90, Height: 210, RowLength: 180
Trace|BPP: 16, PaletteColors: 0, Transaparency: 0
Trace|Writing image...
Trace|Resource 2 offset is 111920...
Debug|Encoding resource 2...
Trace|Writing image in Raw mode
Trace|Transparency image...
Trace|Writing image header...
Trace|Width: 22, Height: 30, RowLength: 66
Trace|BPP: 24, PaletteColors: 0, Transaparency: 0
Trace|Resource 3 offset is 113916...
Debug|Encoding resource 3...
Trace|Writing image in Raw mode
Trace|Transparency image...
Trace|Writing image header...
Trace|Width: 22, Height: 30, RowLength: 66
Trace|BPP: 24, PaletteColors: 0, Transaparency: 0
Trace|Resource 4 offset is 115912...
Debug|Encoding resource 4...
Trace|Writing image in Raw mode
Trace|Transparency image...
Trace|Writing image header...
Trace|Width: 22, Height: 30, RowLength: 66
Trace|BPP: 24, PaletteColors: 0, Transaparency: 0
Trace|Resource 5 offset is 117908...
Debug|Encoding resource 5...
Trace|Writing image in Raw mode
Trace|Transparency image...
Trace|Writing image header...
Trace|Width: 22, Height: 30, RowLength: 66
Trace|BPP: 24, PaletteColors: 0, Transaparency: 0
Trace|Resource 6 offset is 119904...
Debug|Encoding resource 6...
Trace|Writing image in Raw mode
Trace|Transparency image...
Trace|Writing image header...
Trace|Width: 22, Height: 30, RowLength: 66
Trace|BPP: 24, PaletteColors: 0, Transaparency: 0
Trace|Resource 7 offset is 121900...
Debug|Encoding resource 7...
Trace|Writing image in Raw mode
Trace|Transparency image...
Trace|Writing image header...
Trace|Width: 22, Height: 30, RowLength: 66
Trace|BPP: 24, PaletteColors: 0, Transaparency: 0
Trace|Resource 8 offset is 123896...
Debug|Encoding resource 8...
Trace|Writing image in Raw mode
Trace|Transparency image...
Trace|Writing image header...
Trace|Width: 22, Height: 30, RowLength: 66
Trace|BPP: 24, PaletteColors: 0, Transaparency: 0
Trace|Resource 9 offset is 125892...
Debug|Encoding resource 9...
Trace|Writing image in Raw mode
Trace|Transparency image...
Trace|Writing image header...
Trace|Width: 22, Height: 30, RowLength: 66
Trace|BPP: 24, PaletteColors: 0, Transaparency: 0
Trace|Resource 10 offset is 127888...
Debug|Encoding resource 10...
Trace|Writing image in Raw mode
Trace|Transparency image...
Trace|Writing image header...
Trace|Width: 22, Height: 30, RowLength: 66
Trace|BPP: 24, PaletteColors: 0, Transaparency: 0
Trace|Resource 11 offset is 129884...
Debug|Encoding resource 11...
Trace|Writing image in Raw mode
Trace|Transparency image...
Trace|Writing image header...
Trace|Width: 22, Height: 30, RowLength: 66
Trace|BPP: 24, PaletteColors: 0, Transaparency: 0
Trace|Resource 12 offset is 131880...
Debug|Encoding resource 12...
Trace|Writing image in Raw mode
Trace|Transparency image...
Trace|Writing image header...
Trace|Width: 8, Height: 32, RowLength: 24
Trace|BPP: 24, PaletteColors: 0, Transaparency: 0
Trace|Resource 13 offset is 132664...
Debug|Encoding resource 13...
Trace|Writing image in Raw mode
Trace|Transparency image...
Trace|Writing image header...
Trace|Width: 7, Height: 16, RowLength: 21
Trace|BPP: 24, PaletteColors: 0, Transaparency: 0
Trace|Resource 14 offset is 133016...
Debug|Encoding resource 14...
Trace|Writing image in Raw mode
Trace|Transparency image...
Trace|Writing image header...
Trace|Width: 7, Height: 16, RowLength: 21
Trace|BPP: 24, PaletteColors: 0, Transaparency: 0
Trace|Resource 15 offset is 133368...
Debug|Encoding resource 15...
Trace|Writing image in Raw mode
Trace|Transparency image...
Trace|Writing image header...
Trace|Width: 7, Height: 16, RowLength: 21
Trace|BPP: 24, PaletteColors: 0, Transaparency: 0
Trace|Resource 16 offset is 133720...
Debug|Encoding resource 16...
Trace|Writing image in Raw mode
Trace|Transparency image...
Trace|Writing image header...
Trace|Width: 7, Height: 16, RowLength: 21
Trace|BPP: 24, PaletteColors: 0, Transaparency: 0
Trace|Resource 17 offset is 134072...
Debug|Encoding resource 17...
Trace|Writing image in Raw mode
Trace|Transparency image...
Trace|Writing image header...
Trace|Width: 7, Height: 16, RowLength: 21
Trace|BPP: 24, PaletteColors: 0, Transaparency: 0
Trace|Resource 18 offset is 134424...
Debug|Encoding resource 18...
Trace|Writing image in Raw mode
Trace|Transparency image...
Trace|Writing image header...
Trace|Width: 7, Height: 16, RowLength: 21
Trace|BPP: 24, PaletteColors: 0, Transaparency: 0
Trace|Resource 19 offset is 134776...
Debug|Encoding resource 19...
Trace|Writing image in Raw mode
Trace|Transparency image...
Trace|Writing image header...
Trace|Width: 7, Height: 16, RowLength: 21
Trace|BPP: 24, PaletteColors: 0, Transaparency: 0
Trace|Resource 20 offset is 135128...
Debug|Encoding resource 20...
Trace|Writing image in Raw mode
Trace|Transparency image...
Trace|Writing image header...
Trace|Width: 7, Height: 16, RowLength: 21
Trace|BPP: 24, PaletteColors: 0, Transaparency: 0
Trace|Resource 21 offset is 135480...
Debug|Encoding resource 21...
Trace|Writing image in Raw mode
Trace|Transparency image...
Trace|Writing image header...
Trace|Width: 7, Height: 16, RowLength: 21
Trace|BPP: 24, PaletteColors: 0, Transaparency: 0
Trace|Resource 22 offset is 135832...
Debug|Encoding resource 22...
Trace|Writing image in Raw mode
Trace|Transparency image...
Trace|Writing image header...
Trace|Width: 7, Height: 16, RowLength: 21
Trace|BPP: 24, PaletteColors: 0, Transaparency: 0
Trace|Resource 23 offset is 136184...
Debug|Encoding resource 23...
Trace|Writing image in Raw mode
Trace|Transparency image...
Trace|Writing image header...
Trace|Width: 7, Height: 16, RowLength: 21
Trace|BPP: 24, PaletteColors: 0, Transaparency: 0
Trace|Resource 24 offset is 136536...
Debug|Encoding resource 24...
Trace|Writing image in Raw mode
Trace|Transparency image...
Trace|Writing image header...
Trace|Width: 6, Height: 12, RowLength: 18
Trace|BPP: 24, PaletteColors: 0, Transaparency: 0
Trace|Resource 25 offset is 136768...
Debug|Encoding resource 25...
Trace|Writing image in Raw mode
Trace|Transparency image...
Trace|Writing image header...
Trace|Width: 6, Height: 12, RowLength: 18
Trace|BPP: 24, PaletteColors: 0, Transaparency: 0
Trace|Resource 26 offset is 137000...
Debug|Encoding resource 26...
Trace|Writing image in Raw mode
Trace|Transparency image...
Trace|Writing image header...
Trace|Width: 6, Height: 12, RowLength: 18
Trace|BPP: 24, PaletteColors: 0, Transaparency: 0
Trace|Resource 27 offset is 137232...
Debug|Encoding resource 27...
Trace|Writing image in Raw mode
Trace|Transparency image...
Trace|Writing image header...
Trace|Width: 6, Height: 12, RowLength: 18
Trace|BPP: 24, PaletteColors: 0, Transaparency: 0
Trace|Resource 28 offset is 137464...
Debug|Encoding resource 28...
Trace|Writing image in Raw mode
Trace|Transparency image...
Trace|Writing image header...
Trace|Width: 6, Height: 12, RowLength: 18
Trace|BPP: 24, PaletteColors: 0, Transaparency: 0
Trace|Resource 29 offset is 137696...
Debug|Encoding resource 29...
Trace|Writing image in Raw mode
Trace|Transparency image...
Trace|Writing image header...
Trace|Width: 6, Height: 12, RowLength: 18
Trace|BPP: 24, PaletteColors: 0, Transaparency: 0
Trace|Resource 30 offset is 137928...
Debug|Encoding resource 30...
Trace|Writing image in Raw mode
Trace|Transparency image...
Trace|Writing image header...
Trace|Width: 6, Height: 12, RowLength: 18
Trace|BPP: 24, PaletteColors: 0, Transaparency: 0
Trace|Resource 31 offset is 138160...
Debug|Encoding resource 31...
Trace|Writing image in Raw mode
Trace|Transparency image...
Trace|Writing image header...
Trace|Width: 6, Height: 12, RowLength: 18
Trace|BPP: 24, PaletteColors: 0, Transaparency: 0
Trace|Resource 32 offset is 138392...
Debug|Encoding resource 32...
Trace|Writing image in Raw mode
Trace|Transparency image...
Trace|Writing image header...
Trace|Width: 6, Height: 12, RowLength: 18
Trace|BPP: 24, PaletteColors: 0, Transaparency: 0
Trace|Resource 33 offset is 138624...
Debug|Encoding resource 33...
Trace|Writing image in Raw mode
Trace|Transparency image...
Trace|Writing image header...
Trace|Width: 6, Height: 12, RowLength: 18
Trace|BPP: 24, PaletteColors: 0, Transaparency: 0
Trace|Resource 34 offset is 138856...
Debug|Encoding resource 34...
Trace|Writing image in Raw mode
Trace|Transparency image...
Trace|Writing image header...
Trace|Width: 6, Height: 12, RowLength: 18
Trace|BPP: 24, PaletteColors: 0, Transaparency: 0
Trace|Resource 35 offset is 139088...
Debug|Encoding resource 35...
Trace|Writing image in Raw mode
Trace|Transparency image...
Trace|Writing image header...
Trace|Width: 12, Height: 12, RowLength: 36
Trace|BPP: 24, PaletteColors: 0, Transaparency: 0
Trace|Resource 36 offset is 139536...
Debug|Encoding resource 36...
Trace|Writing image in Raw mode
Trace|Transparency image...
Trace|Writing image header...
Trace|Width: 12, Height: 12, RowLength: 36
Trace|BPP: 24, PaletteColors: 0, Transaparency: 0
Trace|Resource 37 offset is 139984...
Debug|Encoding resource 37...
Trace|Writing image in Raw mode
Trace|Transparency image...
Trace|Writing image header...
Trace|Width: 12, Height: 12, RowLength: 36
Trace|BPP: 24, PaletteColors: 0, Transaparency: 0
Trace|Resource 38 offset is 140432...
Debug|Encoding resource 38...
Trace|Writing image in Raw mode
Trace|Transparency image...
Trace|Writing image header...
Trace|Width: 12, Height: 12, RowLength: 36
Trace|BPP: 24, PaletteColors: 0, Transaparency: 0
Trace|Resource 39 offset is 140880...
Debug|Encoding resource 39...
Trace|Writing image in Raw mode
Trace|Transparency image...
Trace|Writing image header...
Trace|Width: 12, Height: 12, RowLength: 36
Trace|BPP: 24, PaletteColors: 0, Transaparency: 0
Trace|Resource 40 offset is 141328...
Debug|Encoding resource 40...
Trace|Writing image in Raw mode
Trace|Transparency image...
Trace|Writing image header...
Trace|Width: 12, Height: 12, RowLength: 36
Trace|BPP: 24, PaletteColors: 0, Transaparency: 0
Trace|Resource 41 offset is 141776...
Debug|Encoding resource 41...
Trace|Writing image in Raw mode
Trace|Transparency image...
Trace|Writing image header...
Trace|Width: 12, Height: 12, RowLength: 36
Trace|BPP: 24, PaletteColors: 0, Transaparency: 0
Trace|Resource 42 offset is 142224...
Debug|Encoding resource 42...
Trace|Writing image in Raw mode
Trace|Transparency image...
Trace|Writing image header...
Trace|Width: 12, Height: 12, RowLength: 36
Trace|BPP: 24, PaletteColors: 0, Transaparency: 0
Trace|Resource 43 offset is 142672...
Debug|Encoding resource 43...
Trace|Writing image in Raw mode
Trace|Transparency image...
Trace|Writing image header...
Trace|Width: 12, Height: 12, RowLength: 36
Trace|BPP: 24, PaletteColors: 0, Transaparency: 0
Trace|Resource 44 offset is 143120...
Debug|Encoding resource 44...
Trace|Writing image in Raw mode
Trace|Transparency image...
Trace|Writing image header...
Trace|Width: 12, Height: 12, RowLength: 36
Trace|BPP: 24, PaletteColors: 0, Transaparency: 0
Trace|Resource 45 offset is 143568...
Debug|Encoding resource 45...
Trace|Writing image in Raw mode
Trace|No Transparency image...
Trace|Writing image header...
Trace|Width: 12, Height: 12, RowLength: 24
Trace|BPP: 16, PaletteColors: 0, Transaparency: 0
Trace|Writing image...
Trace|Resource 46 offset is 143872...
Debug|Encoding resource 46...
Trace|Writing image in Raw mode
Trace|No Transparency image...
Trace|Writing image header...
Trace|Width: 12, Height: 12, RowLength: 24
Trace|BPP: 16, PaletteColors: 0, Transaparency: 0
Trace|Writing image...
Trace|Resource 47 offset is 144176...
Debug|Encoding resource 47...
Trace|Writing image in Raw mode
Trace|No Transparency image...
Trace|Writing image header...
Trace|Width: 12, Height: 12, RowLength: 24
Trace|BPP: 16, PaletteColors: 0, Transaparency: 0
Trace|Writing image...
Trace|Resource 48 offset is 144480...
Debug|Encoding resource 48...
Trace|Writing image in Raw mode
Trace|Transparency image...
Trace|Writing image header...
Trace|Width: 126, Height: 217, RowLength: 378
Trace|BPP: 24, PaletteColors: 0, Transaparency: 0
Trace|Resource 49 offset is 226522...
Debug|Encoding resource 49...
Trace|Writing image in Raw mode
Trace|Transparency image...
Trace|Writing image header...
Trace|Width: 126, Height: 217, RowLength: 378
Trace|BPP: 24, PaletteColors: 0, Transaparency: 0
Trace|Resource 50 offset is 308564...
Debug|Encoding resource 50...
Trace|Writing image in Raw mode
Trace|Transparency image...
Trace|Writing image header...
Trace|Width: 126, Height: 217, RowLength: 378
Trace|BPP: 24, PaletteColors: 0, Transaparency: 0
Trace|Resource 51 offset is 390606...
Debug|Encoding resource 51...
Trace|Writing image in Raw mode
Trace|Transparency image...
Trace|Writing image header...
Trace|Width: 126, Height: 217, RowLength: 378
Trace|BPP: 24, PaletteColors: 0, Transaparency: 0
Trace|Resource 52 offset is 472648...
Debug|Encoding resource 52...
Trace|Writing image in Raw mode
Trace|Transparency image...
Trace|Writing image header...
Trace|Width: 126, Height: 217, RowLength: 378
Trace|BPP: 24, PaletteColors: 0, Transaparency: 0
Trace|Writing resources offsets table
Debug|Writing resources
